android/build/intermediates/manifest_merge_blame_file/release/manifest-merger-blame-release-report.txt
1<?xml version="1.0" encoding="utf-8"?>
2<manifest xmlns:android="http://schemas.android.com/apk/res/android"
3    package="com.beefe.picker"
4    android:versionCode="1"
5    android:versionName="1.0" >
6
7    <uses-sdk
8        android:minSdkVersion="16"
8-->src/main/AndroidManifest.xml
9        android:targetSdkVersion="27" />
9-->src/main/AndroidManifest.xml
10
11    <uses-permission android:name="android.permission.SYSTEM_ALERT_WINDOW" />
11-->src/main/AndroidManifest.xml:2:7-79
11-->src/main/AndroidManifest.xml:2:24-77
12
13</manifest>